<?xml version="1.0" encoding="UTF-8"?>
<!-- Generated by org.testng.reporters.JUnitXMLReporter -->
<testsuite ignored="0" hostname="CSE1605378" failures="0" tests="5" name="Default test" time="123.037" errors="0" timestamp="2020-10-26T12:10:18 IST">
  <testcase classname="com.crm.qa.testcases.CreatenewContactPageTest" name="validateCreateNewContact" time="3.432"/>
  <testcase classname="com.crm.qa.testcases.CreatenewContactPageTest" name="validateCreateNewContact" time="2.67"/>
  <testcase classname="com.crm.qa.testcases.CreatenewContactPageTest" name="validateCreateNewContact" time="2.978"/>
  <testcase classname="com.crm.qa.testcases.CreatenewContactPageTest" name="validateCreateNewContact" time="2.883"/>
  <testcase classname="com.crm.qa.testcases.CreatenewContactPageTest" name="validateCreateNewContact" time="3.248"/>
</testsuite> <!-- Default test -->
