<?xml version="1.0" encoding="UTF-8"?>
<!-- Generated by org.testng.reporters.JUnitXMLReporter -->
<testsuite ignored="0" hostname="CSE1605378" failures="0" tests="15" name="Command line test" time="279.836" errors="0" timestamp="2020-10-26T22:28:32 IST">
  <testcase classname="com.crm.qa.testcases.ContactsPageTest" name="clickondropdown" time="0.1"/>
  <testcase classname="com.crm.qa.testcases.ContactsPageTest" name="selectcheckBox" time="0.071"/>
  <testcase classname="com.crm.qa.testcases.ContactsPageTest" name="clickoneye" time="0.22"/>
  <testcase classname="com.crm.qa.testcases.CreatenewContactPageTest" name="validateCreateNewContact" time="3.916"/>
  <testcase classname="com.crm.qa.testcases.CreatenewContactPageTest" name="validateCreateNewContact" time="3.007"/>
  <testcase classname="com.crm.qa.testcases.CreatenewContactPageTest" name="validateCreateNewContact" time="3.221"/>
  <testcase classname="com.crm.qa.testcases.CreatenewContactPageTest" name="validateCreateNewContact" time="3.351"/>
  <testcase classname="com.crm.qa.testcases.CreatenewContactPageTest" name="validateCreateNewContact" time="4.417"/>
  <testcase classname="com.crm.qa.testcases.FreeCrmHomePageTest" name="freeCrmTitleTest" time="0.013"/>
  <testcase classname="com.crm.qa.testcases.FreeCrmHomePageTest" name="loginbtntest" time="5.809"/>
  <testcase classname="com.crm.qa.testcases.HomePageTest" name="clickContactslink" time="2.291"/>
  <testcase classname="com.crm.qa.testcases.HomePageTest" name="clicktasklink" time="2.153"/>
  <testcase classname="com.crm.qa.testcases.HomePageTest" name="verifyusername" time="1.561"/>
  <testcase classname="com.crm.qa.testcases.LoginPageTest" name="clickloginbtnTest" time="0.419"/>
  <testcase classname="com.crm.qa.testcases.LoginPageTest" name="verifyloginpageTitle" time="0.006"/>
</testsuite> <!-- Command line test -->
