<?xml version="1.0" encoding="UTF-8"?>
<testng-results ignored="0" total="15" passed="15" failed="0" skipped="0">
  <reporter-output>
  </reporter-output>
  <suite started-at="2020-10-26T22:23:52 IST" name="Command line suite" finished-at="2020-10-26T22:28:32 IST" duration-ms="279836">
    <groups>
    </groups>
    <test started-at="2020-10-26T22:23:52 IST" name="Command line test" finished-at="2020-10-26T22:28:32 IST" duration-ms="279836">
      <class name="com.crm.qa.testcases.HomePageTest">
        <test-method is-config="true" signature="setUp()[pri:0, instance:com.crm.qa.testcases.HomePageTest@1283bb96]" started-at="2020-10-26T22:27:34 IST" name="setUp" finished-at="2020-10-26T22:27:44 IST" duration-ms="9194" status="PASS">
          <reporter-output>
          </reporter-output>
        </test-method> <!-- setUp -->
        <test-method signature="clickContactslink()[pri:0, instance:com.crm.qa.testcases.HomePageTest@1283bb96]" started-at="2020-10-26T22:27:44 IST" name="clickContactslink" finished-at="2020-10-26T22:27:46 IST" duration-ms="2291" status="PASS">
          <reporter-output>
          </reporter-output>
        </test-method> <!-- clickContactslink -->
        <test-method is-config="true" signature="teardown()[pri:0, instance:com.crm.qa.testcases.HomePageTest@1283bb96]" started-at="2020-10-26T22:27:46 IST" name="teardown" finished-at="2020-10-26T22:27:47 IST" duration-ms="1192" status="PASS">
          <reporter-output>
          </reporter-output>
        </test-method> <!-- teardown -->
        <test-method is-config="true" signature="setUp()[pri:0, instance:com.crm.qa.testcases.HomePageTest@1283bb96]" started-at="2020-10-26T22:27:47 IST" name="setUp" finished-at="2020-10-26T22:27:56 IST" duration-ms="9241" status="PASS">
          <reporter-output>
          </reporter-output>
        </test-method> <!-- setUp -->
        <test-method signature="clicktasklink()[pri:0, instance:com.crm.qa.testcases.HomePageTest@1283bb96]" started-at="2020-10-26T22:27:56 IST" name="clicktasklink" finished-at="2020-10-26T22:27:58 IST" duration-ms="2153" status="PASS">
          <reporter-output>
          </reporter-output>
        </test-method> <!-- clicktasklink -->
        <test-method is-config="true" signature="teardown()[pri:0, instance:com.crm.qa.testcases.HomePageTest@1283bb96]" started-at="2020-10-26T22:27:58 IST" name="teardown" finished-at="2020-10-26T22:28:00 IST" duration-ms="1193" status="PASS">
          <reporter-output>
          </reporter-output>
        </test-method> <!-- teardown -->
        <test-method is-config="true" signature="setUp()[pri:0, instance:com.crm.qa.testcases.HomePageTest@1283bb96]" started-at="2020-10-26T22:28:00 IST" name="setUp" finished-at="2020-10-26T22:28:09 IST" duration-ms="9121" status="PASS">
          <reporter-output>
          </reporter-output>
        </test-method> <!-- setUp -->
        <test-method signature="verifyusername()[pri:0, instance:com.crm.qa.testcases.HomePageTest@1283bb96]" started-at="2020-10-26T22:28:09 IST" name="verifyusername" finished-at="2020-10-26T22:28:10 IST" duration-ms="1561" status="PASS">
          <reporter-output>
          </reporter-output>
        </test-method> <!-- verifyusername -->
        <test-method is-config="true" signature="teardown()[pri:0, instance:com.crm.qa.testcases.HomePageTest@1283bb96]" started-at="2020-10-26T22:28:10 IST" name="teardown" finished-at="2020-10-26T22:28:11 IST" duration-ms="825" status="PASS">
          <reporter-output>
          </reporter-output>
        </test-method> <!-- teardown -->
      </class> <!-- com.crm.qa.testcases.HomePageTest -->
      <class name="com.crm.qa.testcases.ContactsPageTest">
        <test-method is-config="true" signature="setUp()[pri:0, instance:com.crm.qa.testcases.ContactsPageTest@42a48628]" started-at="2020-10-26T22:23:52 IST" name="setUp" finished-at="2020-10-26T22:24:28 IST" duration-ms="35483" status="PASS">
          <reporter-output>
          </reporter-output>
        </test-method> <!-- setUp -->
        <test-method signature="clickondropdown()[pri:1, instance:com.crm.qa.testcases.ContactsPageTest@42a48628]" started-at="2020-10-26T22:24:28 IST" name="clickondropdown" finished-at="2020-10-26T22:24:28 IST" duration-ms="100" status="PASS">
          <reporter-output>
          </reporter-output>
        </test-method> <!-- clickondropdown -->
        <test-method is-config="true" signature="teardown()[pri:0, instance:com.crm.qa.testcases.ContactsPageTest@42a48628]" started-at="2020-10-26T22:24:28 IST" name="teardown" finished-at="2020-10-26T22:24:29 IST" duration-ms="890" status="PASS">
          <reporter-output>
          </reporter-output>
        </test-method> <!-- teardown -->
        <test-method is-config="true" signature="setUp()[pri:0, instance:com.crm.qa.testcases.ContactsPageTest@42a48628]" started-at="2020-10-26T22:24:29 IST" name="setUp" finished-at="2020-10-26T22:24:50 IST" duration-ms="21117" status="PASS">
          <reporter-output>
          </reporter-output>
        </test-method> <!-- setUp -->
        <test-method signature="selectcheckBox()[pri:2, instance:com.crm.qa.testcases.ContactsPageTest@42a48628]" started-at="2020-10-26T22:24:50 IST" name="selectcheckBox" finished-at="2020-10-26T22:24:50 IST" duration-ms="71" status="PASS">
          <reporter-output>
          </reporter-output>
        </test-method> <!-- selectcheckBox -->
        <test-method is-config="true" signature="teardown()[pri:0, instance:com.crm.qa.testcases.ContactsPageTest@42a48628]" started-at="2020-10-26T22:24:50 IST" name="teardown" finished-at="2020-10-26T22:24:51 IST" duration-ms="689" status="PASS">
          <reporter-output>
          </reporter-output>
        </test-method> <!-- teardown -->
        <test-method is-config="true" signature="setUp()[pri:0, instance:com.crm.qa.testcases.ContactsPageTest@42a48628]" started-at="2020-10-26T22:24:51 IST" name="setUp" finished-at="2020-10-26T22:25:16 IST" duration-ms="24711" status="PASS">
          <reporter-output>
          </reporter-output>
        </test-method> <!-- setUp -->
        <test-method signature="clickoneye()[pri:3, instance:com.crm.qa.testcases.ContactsPageTest@42a48628]" started-at="2020-10-26T22:25:16 IST" name="clickoneye" finished-at="2020-10-26T22:25:16 IST" duration-ms="220" status="PASS">
          <reporter-output>
          </reporter-output>
        </test-method> <!-- clickoneye -->
        <test-method is-config="true" signature="teardown()[pri:0, instance:com.crm.qa.testcases.ContactsPageTest@42a48628]" started-at="2020-10-26T22:25:16 IST" name="teardown" finished-at="2020-10-26T22:25:16 IST" duration-ms="691" status="PASS">
          <reporter-output>
          </reporter-output>
        </test-method> <!-- teardown -->
      </class> <!-- com.crm.qa.testcases.ContactsPageTest -->
      <class name="com.crm.qa.testcases.CreatenewContactPageTest">
        <test-method is-config="true" signature="setUp()[pri:0, instance:com.crm.qa.testcases.CreatenewContactPageTest@293a5bf6]" started-at="2020-10-26T22:25:18 IST" name="setUp" finished-at="2020-10-26T22:25:36 IST" duration-ms="18093" status="PASS">
          <reporter-output>
          </reporter-output>
        </test-method> <!-- setUp -->
        <test-method signature="validateCreateNewContact(java.lang.String, java.lang.String, java.lang.String, java.lang.String, java.lang.String, java.lang.String, java.lang.String)[pri:0, instance:com.crm.qa.testcases.CreatenewContactPageTest@293a5bf6]" started-at="2020-10-26T22:25:36 IST" name="validateCreateNewContact" data-provider="getCRMTestData" finished-at="2020-10-26T22:25:40 IST" duration-ms="3916" status="PASS">
          <params>
            <param index="0">
              <value>
                <![CDATA[Prakhar ]]>
              </value>
            </param>
            <param index="1">
              <value>
                <![CDATA[Singhwal]]>
              </value>
            </param>
            <param index="2">
              <value>
                <![CDATA[Tcs]]>
              </value>
            </param>
            <param index="3">
              <value>
                <![CDATA[prakharsinghwal96@gmail.com]]>
              </value>
            </param>
            <param index="4">
              <value>
                <![CDATA[Lead]]>
              </value>
            </param>
            <param index="5">
              <value>
                <![CDATA[New]]>
              </value>
            </param>
            <param index="6">
              <value>
                <![CDATA[Instagram]]>
              </value>
            </param>
          </params>
          <reporter-output>
          </reporter-output>
        </test-method> <!-- validateCreateNewContact -->
        <test-method is-config="true" signature="teardown()[pri:0, instance:com.crm.qa.testcases.CreatenewContactPageTest@293a5bf6]" started-at="2020-10-26T22:25:40 IST" name="teardown" finished-at="2020-10-26T22:25:41 IST" duration-ms="715" status="PASS">
          <reporter-output>
          </reporter-output>
        </test-method> <!-- teardown -->
        <test-method is-config="true" signature="setUp()[pri:0, instance:com.crm.qa.testcases.CreatenewContactPageTest@293a5bf6]" started-at="2020-10-26T22:25:41 IST" name="setUp" finished-at="2020-10-26T22:25:59 IST" duration-ms="18512" status="PASS">
          <reporter-output>
          </reporter-output>
        </test-method> <!-- setUp -->
        <test-method signature="validateCreateNewContact(java.lang.String, java.lang.String, java.lang.String, java.lang.String, java.lang.String, java.lang.String, java.lang.String)[pri:0, instance:com.crm.qa.testcases.CreatenewContactPageTest@293a5bf6]" started-at="2020-10-26T22:25:59 IST" name="validateCreateNewContact" data-provider="getCRMTestData" finished-at="2020-10-26T22:26:02 IST" duration-ms="3007" status="PASS">
          <params>
            <param index="0">
              <value>
                <![CDATA[Hritik]]>
              </value>
            </param>
            <param index="1">
              <value>
                <![CDATA[Sahu]]>
              </value>
            </param>
            <param index="2">
              <value>
                <![CDATA[Wipro]]>
              </value>
            </param>
            <param index="3">
              <value>
                <![CDATA[hritik@gmail.com]]>
              </value>
            </param>
            <param index="4">
              <value>
                <![CDATA[Affiliate]]>
              </value>
            </param>
            <param index="5">
              <value>
                <![CDATA[New]]>
              </value>
            </param>
            <param index="6">
              <value>
                <![CDATA[Facebook]]>
              </value>
            </param>
          </params>
          <reporter-output>
          </reporter-output>
        </test-method> <!-- validateCreateNewContact -->
        <test-method is-config="true" signature="teardown()[pri:0, instance:com.crm.qa.testcases.CreatenewContactPageTest@293a5bf6]" started-at="2020-10-26T22:26:02 IST" name="teardown" finished-at="2020-10-26T22:26:03 IST" duration-ms="673" status="PASS">
          <reporter-output>
          </reporter-output>
        </test-method> <!-- teardown -->
        <test-method is-config="true" signature="setUp()[pri:0, instance:com.crm.qa.testcases.CreatenewContactPageTest@293a5bf6]" started-at="2020-10-26T22:26:03 IST" name="setUp" finished-at="2020-10-26T22:26:24 IST" duration-ms="20643" status="PASS">
          <reporter-output>
          </reporter-output>
        </test-method> <!-- setUp -->
        <test-method signature="validateCreateNewContact(java.lang.String, java.lang.String, java.lang.String, java.lang.String, java.lang.String, java.lang.String, java.lang.String)[pri:0, instance:com.crm.qa.testcases.CreatenewContactPageTest@293a5bf6]" started-at="2020-10-26T22:26:24 IST" name="validateCreateNewContact" data-provider="getCRMTestData" finished-at="2020-10-26T22:26:27 IST" duration-ms="3221" status="PASS">
          <params>
            <param index="0">
              <value>
                <![CDATA[Pranit]]>
              </value>
            </param>
            <param index="1">
              <value>
                <![CDATA[Singha]]>
              </value>
            </param>
            <param index="2">
              <value>
                <![CDATA[Altran]]>
              </value>
            </param>
            <param index="3">
              <value>
                <![CDATA[pranitsinha@gmail.com]]>
              </value>
            </param>
            <param index="4">
              <value>
                <![CDATA[Lead]]>
              </value>
            </param>
            <param index="5">
              <value>
                <![CDATA[New]]>
              </value>
            </param>
            <param index="6">
              <value>
                <![CDATA[Instagram]]>
              </value>
            </param>
          </params>
          <reporter-output>
          </reporter-output>
        </test-method> <!-- validateCreateNewContact -->
        <test-method is-config="true" signature="teardown()[pri:0, instance:com.crm.qa.testcases.CreatenewContactPageTest@293a5bf6]" started-at="2020-10-26T22:26:27 IST" name="teardown" finished-at="2020-10-26T22:26:28 IST" duration-ms="676" status="PASS">
          <reporter-output>
          </reporter-output>
        </test-method> <!-- teardown -->
        <test-method is-config="true" signature="setUp()[pri:0, instance:com.crm.qa.testcases.CreatenewContactPageTest@293a5bf6]" started-at="2020-10-26T22:26:28 IST" name="setUp" finished-at="2020-10-26T22:26:47 IST" duration-ms="19398" status="PASS">
          <reporter-output>
          </reporter-output>
        </test-method> <!-- setUp -->
        <test-method signature="validateCreateNewContact(java.lang.String, java.lang.String, java.lang.String, java.lang.String, java.lang.String, java.lang.String, java.lang.String)[pri:0, instance:com.crm.qa.testcases.CreatenewContactPageTest@293a5bf6]" started-at="2020-10-26T22:26:47 IST" name="validateCreateNewContact" data-provider="getCRMTestData" finished-at="2020-10-26T22:26:50 IST" duration-ms="3351" status="PASS">
          <params>
            <param index="0">
              <value>
                <![CDATA[Anubhav]]>
              </value>
            </param>
            <param index="1">
              <value>
                <![CDATA[Raj]]>
              </value>
            </param>
            <param index="2">
              <value>
                <![CDATA[Crm]]>
              </value>
            </param>
            <param index="3">
              <value>
                <![CDATA[anubhavraj@gmail.com]]>
              </value>
            </param>
            <param index="4">
              <value>
                <![CDATA[Lead]]>
              </value>
            </param>
            <param index="5">
              <value>
                <![CDATA[New ]]>
              </value>
            </param>
            <param index="6">
              <value>
                <![CDATA[Instagram]]>
              </value>
            </param>
          </params>
          <reporter-output>
          </reporter-output>
        </test-method> <!-- validateCreateNewContact -->
        <test-method is-config="true" signature="teardown()[pri:0, instance:com.crm.qa.testcases.CreatenewContactPageTest@293a5bf6]" started-at="2020-10-26T22:26:50 IST" name="teardown" finished-at="2020-10-26T22:26:51 IST" duration-ms="719" status="PASS">
          <reporter-output>
          </reporter-output>
        </test-method> <!-- teardown -->
        <test-method is-config="true" signature="setUp()[pri:0, instance:com.crm.qa.testcases.CreatenewContactPageTest@293a5bf6]" started-at="2020-10-26T22:26:51 IST" name="setUp" finished-at="2020-10-26T22:27:10 IST" duration-ms="19284" status="PASS">
          <reporter-output>
          </reporter-output>
        </test-method> <!-- setUp -->
        <test-method signature="validateCreateNewContact(java.lang.String, java.lang.String, java.lang.String, java.lang.String, java.lang.String, java.lang.String, java.lang.String)[pri:0, instance:com.crm.qa.testcases.CreatenewContactPageTest@293a5bf6]" started-at="2020-10-26T22:27:10 IST" name="validateCreateNewContact" data-provider="getCRMTestData" finished-at="2020-10-26T22:27:15 IST" duration-ms="4417" status="PASS">
          <params>
            <param index="0">
              <value>
                <![CDATA[Divyansh]]>
              </value>
            </param>
            <param index="1">
              <value>
                <![CDATA[Diwedi]]>
              </value>
            </param>
            <param index="2">
              <value>
                <![CDATA[Whitehat]]>
              </value>
            </param>
            <param index="3">
              <value>
                <![CDATA[divyanshdiwedi@gmail.com]]>
              </value>
            </param>
            <param index="4">
              <value>
                <![CDATA[Lead]]>
              </value>
            </param>
            <param index="5">
              <value>
                <![CDATA[New]]>
              </value>
            </param>
            <param index="6">
              <value>
                <![CDATA[Instagram]]>
              </value>
            </param>
          </params>
          <reporter-output>
          </reporter-output>
        </test-method> <!-- validateCreateNewContact -->
        <test-method is-config="true" signature="teardown()[pri:0, instance:com.crm.qa.testcases.CreatenewContactPageTest@293a5bf6]" started-at="2020-10-26T22:27:15 IST" name="teardown" finished-at="2020-10-26T22:27:16 IST" duration-ms="761" status="PASS">
          <reporter-output>
          </reporter-output>
        </test-method> <!-- teardown -->
      </class> <!-- com.crm.qa.testcases.CreatenewContactPageTest -->
      <class name="com.crm.qa.testcases.LoginPageTest">
        <test-method is-config="true" signature="setup()[pri:0, instance:com.crm.qa.testcases.LoginPageTest@74f0ea28]" started-at="2020-10-26T22:28:11 IST" name="setup" finished-at="2020-10-26T22:28:21 IST" duration-ms="10349" status="PASS">
          <reporter-output>
          </reporter-output>
        </test-method> <!-- setup -->
        <test-method signature="clickloginbtnTest()[pri:0, instance:com.crm.qa.testcases.LoginPageTest@74f0ea28]" started-at="2020-10-26T22:28:21 IST" name="clickloginbtnTest" finished-at="2020-10-26T22:28:22 IST" duration-ms="419" status="PASS">
          <reporter-output>
          </reporter-output>
        </test-method> <!-- clickloginbtnTest -->
        <test-method is-config="true" signature="teardown()[pri:0, instance:com.crm.qa.testcases.LoginPageTest@74f0ea28]" started-at="2020-10-26T22:28:22 IST" name="teardown" finished-at="2020-10-26T22:28:23 IST" duration-ms="852" status="PASS">
          <reporter-output>
          </reporter-output>
        </test-method> <!-- teardown -->
        <test-method is-config="true" signature="setup()[pri:0, instance:com.crm.qa.testcases.LoginPageTest@74f0ea28]" started-at="2020-10-26T22:28:23 IST" name="setup" finished-at="2020-10-26T22:28:32 IST" duration-ms="8776" status="PASS">
          <reporter-output>
          </reporter-output>
        </test-method> <!-- setup -->
        <test-method signature="verifyloginpageTitle()[pri:0, instance:com.crm.qa.testcases.LoginPageTest@74f0ea28]" started-at="2020-10-26T22:28:32 IST" name="verifyloginpageTitle" finished-at="2020-10-26T22:28:32 IST" duration-ms="6" status="PASS">
          <reporter-output>
          </reporter-output>
        </test-method> <!-- verifyloginpageTitle -->
        <test-method is-config="true" signature="teardown()[pri:0, instance:com.crm.qa.testcases.LoginPageTest@74f0ea28]" started-at="2020-10-26T22:28:32 IST" name="teardown" finished-at="2020-10-26T22:28:32 IST" duration-ms="697" status="PASS">
          <reporter-output>
          </reporter-output>
        </test-method> <!-- teardown -->
      </class> <!-- com.crm.qa.testcases.LoginPageTest -->
      <class name="com.crm.qa.testcases.FreeCrmHomePageTest">
        <test-method is-config="true" signature="setUp()[pri:0, instance:com.crm.qa.testcases.FreeCrmHomePageTest@6aeb35e6]" started-at="2020-10-26T22:27:16 IST" name="setUp" finished-at="2020-10-26T22:27:21 IST" duration-ms="5468" status="PASS">
          <reporter-output>
          </reporter-output>
        </test-method> <!-- setUp -->
        <test-method signature="freeCrmTitleTest()[pri:1, instance:com.crm.qa.testcases.FreeCrmHomePageTest@6aeb35e6]" started-at="2020-10-26T22:27:21 IST" name="freeCrmTitleTest" finished-at="2020-10-26T22:27:21 IST" duration-ms="13" status="PASS">
          <reporter-output>
          </reporter-output>
        </test-method> <!-- freeCrmTitleTest -->
        <test-method is-config="true" signature="teardown()[pri:0, instance:com.crm.qa.testcases.FreeCrmHomePageTest@6aeb35e6]" started-at="2020-10-26T22:27:21 IST" name="teardown" finished-at="2020-10-26T22:27:22 IST" duration-ms="681" status="PASS">
          <reporter-output>
          </reporter-output>
        </test-method> <!-- teardown -->
        <test-method is-config="true" signature="setUp()[pri:0, instance:com.crm.qa.testcases.FreeCrmHomePageTest@6aeb35e6]" started-at="2020-10-26T22:27:22 IST" name="setUp" finished-at="2020-10-26T22:27:28 IST" duration-ms="6107" status="PASS">
          <reporter-output>
          </reporter-output>
        </test-method> <!-- setUp -->
        <test-method signature="loginbtntest()[pri:2, instance:com.crm.qa.testcases.FreeCrmHomePageTest@6aeb35e6]" started-at="2020-10-26T22:27:28 IST" name="loginbtntest" finished-at="2020-10-26T22:27:34 IST" duration-ms="5809" status="PASS">
          <reporter-output>
          </reporter-output>
        </test-method> <!-- loginbtntest -->
        <test-method is-config="true" signature="teardown()[pri:0, instance:com.crm.qa.testcases.FreeCrmHomePageTest@6aeb35e6]" started-at="2020-10-26T22:27:34 IST" name="teardown" finished-at="2020-10-26T22:27:34 IST" duration-ms="701" status="PASS">
          <reporter-output>
          </reporter-output>
        </test-method> <!-- teardown -->
      </class> <!-- com.crm.qa.testcases.FreeCrmHomePageTest -->
    </test> <!-- Command line test -->
  </suite> <!-- Command line suite -->
</testng-results>
