<?xml version="1.0" encoding="UTF-8"?>
<!-- Generated by org.testng.reporters.JUnitXMLReporter -->
<testsuite ignored="0" hostname="CSE1605378" failures="0" tests="15" name=" Different activities on freecrm.com" time="371.929" errors="0" timestamp="2020-10-26T16:08:35 IST">
  <testcase classname="com.crm.qa.testcases.FreeCrmHomePageTest" name="freeCrmTitleTest" time="0.541"/>
  <testcase classname="com.crm.qa.testcases.FreeCrmHomePageTest" name="loginbtntest" time="5.663"/>
  <testcase classname="com.crm.qa.testcases.LoginPageTest" name="clickloginbtnTest" time="1.133"/>
  <testcase classname="com.crm.qa.testcases.LoginPageTest" name="verifyloginpageTitle" time="0.017"/>
  <testcase classname="com.crm.qa.testcases.HomePageTest" name="clickContactslink" time="2.838"/>
  <testcase classname="com.crm.qa.testcases.HomePageTest" name="clicktasklink" time="2.369"/>
  <testcase classname="com.crm.qa.testcases.HomePageTest" name="verifyusername" time="2.26"/>
  <testcase classname="com.crm.qa.testcases.ContactsPageTest" name="clickondropdown" time="0.231"/>
  <testcase classname="com.crm.qa.testcases.ContactsPageTest" name="selectcheckBox" time="0.195"/>
  <testcase classname="com.crm.qa.testcases.ContactsPageTest" name="clickoneye" time="0.18"/>
  <testcase classname="com.crm.qa.testcases.CreatenewContactPageTest" name="validateCreateNewContact" time="6.039"/>
  <testcase classname="com.crm.qa.testcases.CreatenewContactPageTest" name="validateCreateNewContact" time="4.214"/>
  <testcase classname="com.crm.qa.testcases.CreatenewContactPageTest" name="validateCreateNewContact" time="4.633"/>
  <testcase classname="com.crm.qa.testcases.CreatenewContactPageTest" name="validateCreateNewContact" time="4.462"/>
  <testcase classname="com.crm.qa.testcases.CreatenewContactPageTest" name="validateCreateNewContact" time="4.488"/>
</testsuite> <!--  Different activities on freecrm.com -->
